<?xml version="1.0" encoding="UTF-8"?>
<!-- Generated by org.testng.reporters.JUnitXMLReporter -->
<testsuite hostname="DESKTOP-MNBM418" failures="0" tests="3" name="Test" time="0.058" errors="0" timestamp="21 Jul 2022 17:33:39 GMT">
  <testcase classname="mavenPractice.PracticeTestngTest1" name="methodTestngTest2" time="0.017"/>
  <testcase classname="mavenPractice.PracticeTestngTest1" name="testngMethodTest" time="0.002"/>
  <testcase classname="mavenPractice.MethodTestngTest" name="methodsPractice" time="0.006"/>
</testsuite> <!-- Test -->
